0x03    R 0x21	?????

0xb8=0x80	Coulomb Counter Control = Enable
0x00    R 0xc0	PowerInputStatus is ACIN && AC Usable
0x01    R 0x10	PowerModeChargeStatus is nothing
0x78    R 0x00	Battery voltage high 8 bits  is 0
0x79    R 0x00	Battery voltage low 4 bits is 0
0x05    R 0x00	Custom Data 1 is 0x00
0x23    R 0x16	DC-DC2 voltage setting register is 0x16
0x23=0x17	DC-DC2 voltage setting register  = 0x17
0x23    R 0x17	...
0x23=0x18	...
0x23    R 0x18	...
0x23=0x19	...
0x23    R 0x19	...
0x23=0x1a	...
0x23    R 0x1a	...
0x23=0x1b	...
0x23    R 0x1b	...
0x23=0x1c	DC-DC2 voltage setting register  = 0x1c = 1,4V
0x23    R 0x1c

0x27    R 0x14	DC-DC3 voltage setting register  is 0x14 = 1.2V
0x27=0x16	DC-DC3 voltage setting register  = 0x16 = =1.25V
0x82    R 0xff
0x82=0xff	ADC Enable 1 = ~0 (all on)
0x33    R 0xc0
0x33=0xc0	Charging control = Enable, 
0x30    R 0x63
0x30=0x63	VBUS-IPSOUT = VBUS Vhold voltage limited, Vhold=4.4, VBUS current unlimited
0xb9    R 0x7f
0xb9=0xff	FuelGauge = disable
0xba    R 0x00
0xba=0x00	???
0xb9=0x7f	FuelGauge = enable
